e:\cocos2dx\workspace\mycontra\proj.win32\debug.win32\mainscene.obj
e:\cocos2dx\workspace\mycontra\proj.win32\debug.win32\helloworldscene.obj
e:\cocos2dx\workspace\mycontra\proj.win32\debug.win32\appdelegate.obj
e:\cocos2dx\workspace\mycontra\proj.win32\debug.win32\main.obj
e:\cocos2dx\workspace\mycontra\proj.win32\debug.win32\vc140.pdb
e:\cocos2dx\workspace\mycontra\proj.win32\debug.win32\gamescene.obj
e:\cocos2dx\workspace\mycontra\proj.win32\debug.win32\hero.obj
e:\cocos2dx\workspace\mycontra\proj.win32\debug.win32\bullet.obj
e:\cocos2dx\workspace\mycontra\proj.win32\debug.win32\vc140.idb
e:\cocos2dx\workspace\mycontra\proj.win32\debug.win32\bombman.obj
e:\cocos2dx\workspace\mycontra\proj.win32\debug.win32\mycontra.ilk
e:\cocos2dx\workspace\mycontra\proj.win32\debug.win32\mycontra.exe
e:\cocos2dx\workspace\mycontra\proj.win32\debug.win32\mycontra.pdb
e:\cocos2dx\workspace\mycontra\proj.win32\debug.win32\mycontra.lib
e:\cocos2dx\workspace\mycontra\proj.win32\debug.win32\mycontra.exp
e:\cocos2dx\workspace\mycontra\proj.win32\mycontra.cab
e:\cocos2dx\workspace\mycontra\proj.win32\debug.win32\game.res
c:\cocos2dx\workspace\mycontra\proj.win32\debug.win32\mycontra.vcxprojresolveassemblyreference.cache
c:\cocos2dx\workspace\mycontra\proj.win32\debug.win32\appdelegate.obj
c:\cocos2dx\workspace\mycontra\proj.win32\debug.win32\bombman.obj
c:\cocos2dx\workspace\mycontra\proj.win32\debug.win32\bullet.obj
c:\cocos2dx\workspace\mycontra\proj.win32\debug.win32\gamescene.obj
c:\cocos2dx\workspace\mycontra\proj.win32\debug.win32\helloworldscene.obj
c:\cocos2dx\workspace\mycontra\proj.win32\debug.win32\hero.obj
c:\cocos2dx\workspace\mycontra\proj.win32\debug.win32\main.obj
c:\cocos2dx\workspace\mycontra\proj.win32\debug.win32\mainscene.obj
c:\cocos2dx\workspace\mycontra\proj.win32\debug.win32\mycontra.ilk
c:\cocos2dx\workspace\mycontra\proj.win32\debug.win32\game.res
c:\cocos2dx\workspace\mycontra\proj.win32\debug.win32\libcocos2d.exp
c:\cocos2dx\workspace\mycontra\proj.win32\debug.win32\mycontra.exp
c:\cocos2dx\workspace\mycontra\proj.win32\debug.win32\vc140.idb
c:\cocos2dx\workspace\mycontra\proj.win32\debug.win32\libbox2d.pdb
c:\cocos2dx\workspace\mycontra\proj.win32\debug.win32\libbullet.pdb
c:\cocos2dx\workspace\mycontra\proj.win32\debug.win32\libcocos2d.pdb
c:\cocos2dx\workspace\mycontra\proj.win32\debug.win32\librecast.pdb
c:\cocos2dx\workspace\mycontra\proj.win32\debug.win32\libspine.pdb
c:\cocos2dx\workspace\mycontra\proj.win32\debug.win32\mycontra.pdb
c:\cocos2dx\workspace\mycontra\proj.win32\debug.win32\vc140.pdb
c:\cocos2dx\workspace\mycontra\proj.win32\debug.win32\mycontra.exe
c:\cocos2dx\workspace\mycontra\proj.win32\debug.win32\mycontra.tlog\cl.command.1.tlog
c:\cocos2dx\workspace\mycontra\proj.win32\debug.win32\mycontra.tlog\cl.read.1.tlog
c:\cocos2dx\workspace\mycontra\proj.win32\debug.win32\mycontra.tlog\cl.write.1.tlog
c:\cocos2dx\workspace\mycontra\proj.win32\debug.win32\mycontra.tlog\link.command.1.tlog
c:\cocos2dx\workspace\mycontra\proj.win32\debug.win32\mycontra.tlog\link.read.1.tlog
c:\cocos2dx\workspace\mycontra\proj.win32\debug.win32\mycontra.tlog\link.write.1.tlog
c:\cocos2dx\workspace\mycontra\proj.win32\debug.win32\mycontra.tlog\mycontra.write.1u.tlog
c:\cocos2dx\workspace\mycontra\proj.win32\debug.win32\mycontra.tlog\rc.command.1.tlog
c:\cocos2dx\workspace\mycontra\proj.win32\debug.win32\mycontra.tlog\rc.read.1.tlog
c:\cocos2dx\workspace\mycontra\proj.win32\debug.win32\mycontra.tlog\rc.write.1.tlog
